

20201117-131533
----------------------------------------------------------------------------
Required Arguments:
    refseq: C:/Users/kejoh/GitHub/ssSeq/InstallationConfirmationData/DefaultRefSeqs.csv
    folder: C:/Users/kejoh/GitHub/ssSeq/InstallationConfirmationData/
    
Input/Output Arguments:
    fastq_r: 
    output: .\deSeq_Output\20201117-131533
    detailed_refseq: False
    analysis_only: False
    stop_after_fastq: False
    return_alignments: False
    
Read Analysis:
    average_q_cutoff: 25
    bp_q_cutoff: 30
    length_cutoff: 0.9

Position Identification:
    variable_thresh: 0.2
    variable_count: 10
    
Advanced:
    jobs: 11
    read_length: None

Logged Messages:
    
Identified Seq File Pairs:
    Forward Reads: C:/Users/kejoh/GitHub/ssSeq/InstallationConfirmationData\CHL1_S193_L001_R1_001.fastq.gz
    Reverse Reads: C:/Users/kejoh/GitHub/ssSeq/InstallationConfirmationData\CHL1_S193_L001_R2_001.fastq.gz
    
Unmatched Files in Folder:
    

Error Encountered: Error for DI01-B04 refseq:The provided in frame base does not match the frame of the provided variable codons.

20201117-131734
----------------------------------------------------------------------------
Required Arguments:
    refseq: C:/Users/kejoh/GitHub/ssSeq/InstallationConfirmationData/DetailedRefSeqs.csv
    folder: C:/Users/kejoh/GitHub/ssSeq/InstallationConfirmationData/
    
Input/Output Arguments:
    fastq_r: 
    output: .\deSeq_Output\20201117-131734
    detailed_refseq: False
    analysis_only: False
    stop_after_fastq: False
    return_alignments: False
    
Read Analysis:
    average_q_cutoff: 25
    bp_q_cutoff: 30
    length_cutoff: 0.9

Position Identification:
    variable_thresh: 0.2
    variable_count: 10
    
Advanced:
    jobs: 11
    read_length: None

Logged Messages:
    
Identified Seq File Pairs:
    Forward Reads: C:/Users/kejoh/GitHub/ssSeq/InstallationConfirmationData\CHL1_S193_L001_R1_001.fastq.gz
    Reverse Reads: C:/Users/kejoh/GitHub/ssSeq/InstallationConfirmationData\CHL1_S193_L001_R2_001.fastq.gz
    
Unmatched Files in Folder:
    

Error Encountered: It looks like you're trying to pass in a detailed reference sequence file. You must throw the 'detailed_refseq' flag if this is your intent.

20201117-131756
----------------------------------------------------------------------------
Required Arguments:
    refseq: C:/Users/kejoh/GitHub/ssSeq/InstallationConfirmationData/DetailedRefSeqs.csv
    folder: C:/Users/kejoh/GitHub/ssSeq/InstallationConfirmationData/
    
Input/Output Arguments:
    fastq_r: 
    output: .\deSeq_Output\20201117-131756
    detailed_refseq: True
    analysis_only: False
    stop_after_fastq: False
    return_alignments: False
    
Read Analysis:
    average_q_cutoff: 25
    bp_q_cutoff: 30
    length_cutoff: 0.9

Position Identification:
    variable_thresh: 0.2
    variable_count: 10
    
Advanced:
    jobs: 11
    read_length: None

Logged Messages:
    
Identified Seq File Pairs:
    Forward Reads: C:/Users/kejoh/GitHub/ssSeq/InstallationConfirmationData\CHL1_S193_L001_R1_001.fastq.gz
    Reverse Reads: C:/Users/kejoh/GitHub/ssSeq/InstallationConfirmationData\CHL1_S193_L001_R2_001.fastq.gz
    
Unmatched Files in Folder:
    

Error Encountered: Error for DI01-A01 refseq:The provided in frame base does not match the frame of the provided variable codons.

20201117-132341
----------------------------------------------------------------------------
Required Arguments:
    refseq: C:/Users/kejoh/GitHub/ssSeq/InstallationConfirmationData/DetailedRefSeqs.csv
    folder: C:/Users/kejoh/GitHub/ssSeq/InstallationConfirmationData/
    
Input/Output Arguments:
    fastq_r: 
    output: .\deSeq_Output\20201117-132341
    detailed_refseq: True
    analysis_only: False
    stop_after_fastq: False
    return_alignments: False
    
Read Analysis:
    average_q_cutoff: 25
    bp_q_cutoff: 30
    length_cutoff: 0.9

Position Identification:
    variable_thresh: 0.2
    variable_count: 10
    
Advanced:
    jobs: 11
    read_length: None

Logged Messages:
    
Identified Seq File Pairs:
    Forward Reads: C:/Users/kejoh/GitHub/ssSeq/InstallationConfirmationData\CHL1_S193_L001_R1_001.fastq.gz
    Reverse Reads: C:/Users/kejoh/GitHub/ssSeq/InstallationConfirmationData\CHL1_S193_L001_R2_001.fastq.gz
    
Unmatched Files in Folder:
    

A read length of 150 was calculated for this run

Run completed. Log may contain warnings.

20201117-133144
----------------------------------------------------------------------------
Required Arguments:
    refseq: C:/Users/kejoh/GitHub/ssSeq/InstallationConfirmationData/DetailedRefSeqs.csv
    folder: C:/Users/kejoh/GitHub/ssSeq/InstallationConfirmationData/
    
Input/Output Arguments:
    fastq_r: 
    output: .\deSeq_Output\20201117-133144
    detailed_refseq: True
    analysis_only: False
    stop_after_fastq: False
    return_alignments: False
    
Read Analysis:
    average_q_cutoff: 25
    bp_q_cutoff: 30
    length_cutoff: 0.9

Position Identification:
    variable_thresh: 0.2
    variable_count: 10
    
Advanced:
    jobs: 11
    read_length: None

Logged Messages:
    
Identified Seq File Pairs:
    Forward Reads: C:/Users/kejoh/GitHub/ssSeq/InstallationConfirmationData\CHL1_S193_L001_R1_001.fastq.gz
    Reverse Reads: C:/Users/kejoh/GitHub/ssSeq/InstallationConfirmationData\CHL1_S193_L001_R2_001.fastq.gz
    
Unmatched Files in Folder:
    
	 C:/Users/kejoh/GitHub/ssSeq/InstallationConfirmationData\CHL1_S193_L001_R1_001.fastq

A read length of 150 was calculated for this run

20201117-151223
----------------------------------------------------------------------------
Required Arguments:
    refseq: C:/Users/kejoh/GitHub/ssSeq/InstallationConfirmationData/DetailedRefSeqs.csv
    folder: C:/Users/kejoh/GitHub/ssSeq/InstallationConfirmationData/
    
Input/Output Arguments:
    fastq_r: 
    output: .\deSeq_Output\20201117-151223
    detailed_refseq: True
    analysis_only: False
    stop_after_fastq: False
    return_alignments: False
    
Read Analysis:
    average_q_cutoff: 25
    bp_q_cutoff: 30
    length_cutoff: 0.9

Position Identification:
    variable_thresh: 0.2
    variable_count: 10
    
Advanced:
    jobs: 11
    read_length: None

Logged Messages:
    
Identified Seq File Pairs:
    Forward Reads: C:/Users/kejoh/GitHub/ssSeq/InstallationConfirmationData\CHL1_S193_L001_R1_001.fastq.gz
    Reverse Reads: C:/Users/kejoh/GitHub/ssSeq/InstallationConfirmationData\CHL1_S193_L001_R2_001.fastq.gz
    
Unmatched Files in Folder:
    
	 C:/Users/kejoh/GitHub/ssSeq/InstallationConfirmationData\CHL1_S193_L001_R1_001.fastq

A read length of 150 was calculated for this run

Run completed. Log may contain warnings.

20201117-151705
----------------------------------------------------------------------------
Required Arguments:
    refseq: C:/Users/kejoh/GitHub/ssSeq/InstallationConfirmationData/DetailedRefSeqs.csv
    folder: C:/Users/kejoh/GitHub/ssSeq/InstallationConfirmationData/
    
Input/Output Arguments:
    fastq_r: 
    output: .\deSeq_Output\20201117-151705
    detailed_refseq: True
    analysis_only: False
    stop_after_fastq: False
    return_alignments: False
    
Read Analysis:
    average_q_cutoff: 25
    bp_q_cutoff: 30
    length_cutoff: 0.9

Position Identification:
    variable_thresh: 0.2
    variable_count: 10
    
Advanced:
    jobs: 11
    read_length: None

Logged Messages:
    
Identified Seq File Pairs:
    Forward Reads: C:/Users/kejoh/GitHub/ssSeq/InstallationConfirmationData\CHL1_S193_L001_R1_001.fastq.gz
    Reverse Reads: C:/Users/kejoh/GitHub/ssSeq/InstallationConfirmationData\CHL1_S193_L001_R2_001.fastq.gz
    
Unmatched Files in Folder:
    
	 C:/Users/kejoh/GitHub/ssSeq/InstallationConfirmationData\CHL1_S193_L001_R1_001.fastq

A read length of 150 was calculated for this run

Run completed. Log may contain warnings.

20201117-152547
----------------------------------------------------------------------------
Required Arguments:
    refseq: C:/Users/kejoh/GitHub/ssSeq/InstallationConfirmationData/DetailedRefSeqs.csv
    folder: C:/Users/kejoh/GitHub/ssSeq/InstallationConfirmationData/
    
Input/Output Arguments:
    fastq_r: 
    output: .\deSeq_Output\20201117-152547
    detailed_refseq: True
    analysis_only: False
    stop_after_fastq: False
    return_alignments: False
    
Read Analysis:
    average_q_cutoff: 25
    bp_q_cutoff: 30
    length_cutoff: 0.9

Position Identification:
    variable_thresh: 0.2
    variable_count: 10
    
Advanced:
    jobs: 11
    read_length: None

Logged Messages:
    
Identified Seq File Pairs:
    Forward Reads: C:/Users/kejoh/GitHub/ssSeq/InstallationConfirmationData\CHL1_S193_L001_R1_001.fastq.gz
    Reverse Reads: C:/Users/kejoh/GitHub/ssSeq/InstallationConfirmationData\CHL1_S193_L001_R2_001.fastq.gz
    
Unmatched Files in Folder:
    
	 C:/Users/kejoh/GitHub/ssSeq/InstallationConfirmationData\CHL1_S193_L001_R1_001.fastq

A read length of 150 was calculated for this run

20201117-152949
----------------------------------------------------------------------------
Required Arguments:
    refseq: C:/Users/kejoh/GitHub/ssSeq/InstallationConfirmationData/DetailedRefSeqs.csv
    folder: C:/Users/kejoh/GitHub/ssSeq/InstallationConfirmationData/
    
Input/Output Arguments:
    fastq_r: 
    output: .\deSeq_Output\20201117-152949
    detailed_refseq: True
    analysis_only: False
    stop_after_fastq: False
    return_alignments: False
    
Read Analysis:
    average_q_cutoff: 25
    bp_q_cutoff: 30
    length_cutoff: 0.9

Position Identification:
    variable_thresh: 0.2
    variable_count: 10
    
Advanced:
    jobs: 11
    read_length: None

Logged Messages:
    
Identified Seq File Pairs:
    Forward Reads: C:/Users/kejoh/GitHub/ssSeq/InstallationConfirmationData\CHL1_S193_L001_R1_001.fastq.gz
    Reverse Reads: C:/Users/kejoh/GitHub/ssSeq/InstallationConfirmationData\CHL1_S193_L001_R2_001.fastq.gz
    
Unmatched Files in Folder:
    
	 C:/Users/kejoh/GitHub/ssSeq/InstallationConfirmationData\CHL1_S193_L001_R1_001.fastq

A read length of 150 was calculated for this run

Run completed. Log may contain warnings.

20201119-131114
----------------------------------------------------------------------------
Required Arguments:
    refseq: A:/Nat/EFE data/ssSeq data/NWG-V-075_A/RefSeq_tileSeq.csv
    folder: A:/Nat/EFE data/ssSeq data/NWG-V-075_A
    
Input/Output Arguments:
    fastq_r: 
    output: A:/Nat/EFE data/ssSeq data/NWG-V-075_A\deSeq_Output\20201119-131114
    detailed_refseq: False
    analysis_only: False
    stop_after_fastq: False
    return_alignments: False
    
Read Analysis:
    average_q_cutoff: 25
    bp_q_cutoff: 30
    length_cutoff: 0.9

Position Identification:
    variable_thresh: 0.2
    variable_count: 10
    
Advanced:
    jobs: 11
    read_length: None

Logged Messages:
    
Identified Seq File Pairs:
    Forward Reads: A:/Nat/EFE data/ssSeq data/NWG-V-075_A\A_S179_L001_R1_001.fastq.gz
    Reverse Reads: A:/Nat/EFE data/ssSeq data/NWG-V-075_A\A_S179_L001_R2_001.fastq.gz
    
Unmatched Files in Folder:
    
	 A:/Nat/EFE data/ssSeq data/NWG-V-075_A\A_S179_L001_I1_001.fastq.gz

20201119-132249
----------------------------------------------------------------------------
Required Arguments:
    refseq: A:\Nat\EFE data\ssSeq data\NWG-V-075_A\RefSeq_tileSeq.csv
    folder: A:\Nat\EFE data\ssSeq data\NWG-V-075_A
    
Input/Output Arguments:
    fastq_r: 
    output: A:\Nat\EFE data\ssSeq data\NWG-V-075_A\deSeq_Output\20201119-132249
    detailed_refseq: False
    analysis_only: False
    stop_after_fastq: False
    return_alignments: False
    
Read Analysis:
    average_q_cutoff: 25
    bp_q_cutoff: 30
    length_cutoff: 0.9

Position Identification:
    variable_thresh: 0.2
    variable_count: 10
    
Advanced:
    jobs: 11
    read_length: None

Logged Messages:
    
Identified Seq File Pairs:
    Forward Reads: A:\Nat\EFE data\ssSeq data\NWG-V-075_A\A_S179_L001_R1_001.fastq.gz
    Reverse Reads: A:\Nat\EFE data\ssSeq data\NWG-V-075_A\A_S179_L001_R2_001.fastq.gz
    
Unmatched Files in Folder:
    
	 A:\Nat\EFE data\ssSeq data\NWG-V-075_A\A_S179_L001_I1_001.fastq.gz

Error Encountered: 
Unhandled exception encountered: ''float' object is not iterable'

20201119-132425
----------------------------------------------------------------------------
Required Arguments:
    refseq: A:\Nat\EFE data\ssSeq data\NWG-V-075_A\RefSeq_tileSeq.csv
    folder: A:\Nat\EFE data\ssSeq data\NWG-V-075_A
    
Input/Output Arguments:
    fastq_r: 
    output: A:\Nat\EFE data\ssSeq data\NWG-V-075_A\deSeq_Output\20201119-132425
    detailed_refseq: False
    analysis_only: False
    stop_after_fastq: False
    return_alignments: False
    
Read Analysis:
    average_q_cutoff: 25
    bp_q_cutoff: 30
    length_cutoff: 0.9

Position Identification:
    variable_thresh: 0.2
    variable_count: 10
    
Advanced:
    jobs: 11
    read_length: None

Logged Messages:
    
Identified Seq File Pairs:
    Forward Reads: A:\Nat\EFE data\ssSeq data\NWG-V-075_A\A_S179_L001_R1_001.fastq.gz
    Reverse Reads: A:\Nat\EFE data\ssSeq data\NWG-V-075_A\A_S179_L001_R2_001.fastq.gz
    
Unmatched Files in Folder:
    
	 A:\Nat\EFE data\ssSeq data\NWG-V-075_A\A_S179_L001_I1_001.fastq.gz

Error Encountered: 
Unhandled exception encountered: ''float' object is not iterable'

20201119-132759
----------------------------------------------------------------------------
Required Arguments:
    refseq: A:\Nat\EFE data\ssSeq data\NWG-V-075_A\DefaultRefSeqs_deSeq.csv
    folder: A:\Nat\EFE data\ssSeq data\NWG-V-075_A
    
Input/Output Arguments:
    fastq_r: 
    output: A:\Nat\EFE data\ssSeq data\NWG-V-075_A\deSeq_Output\20201119-132759
    detailed_refseq: False
    analysis_only: False
    stop_after_fastq: False
    return_alignments: False
    
Read Analysis:
    average_q_cutoff: 25
    bp_q_cutoff: 30
    length_cutoff: 0.9

Position Identification:
    variable_thresh: 0.2
    variable_count: 10
    
Advanced:
    jobs: 11
    read_length: None

Logged Messages:
    
Identified Seq File Pairs:
    Forward Reads: A:\Nat\EFE data\ssSeq data\NWG-V-075_A\A_S179_L001_R1_001.fastq.gz
    Reverse Reads: A:\Nat\EFE data\ssSeq data\NWG-V-075_A\A_S179_L001_R2_001.fastq.gz
    
Unmatched Files in Folder:
    
	 A:\Nat\EFE data\ssSeq data\NWG-V-075_A\A_S179_L001_I1_001.fastq.gz

20201119-133258
----------------------------------------------------------------------------
Required Arguments:
    refseq: A:/Nat/EFE data/ssSeq data/NWG-V-075_A/DefaultRefSeqs_deSeq.csv
    folder: A:/Nat/EFE data/ssSeq data/NWG-V-075_A
    
Input/Output Arguments:
    fastq_r: 
    output: A:/Nat/EFE data/ssSeq data/NWG-V-075_A\deSeq_Output\20201119-133258
    detailed_refseq: False
    analysis_only: False
    stop_after_fastq: False
    return_alignments: False
    
Read Analysis:
    average_q_cutoff: 25
    bp_q_cutoff: 30
    length_cutoff: 0.9

Position Identification:
    variable_thresh: 0.2
    variable_count: 10
    
Advanced:
    jobs: 11
    read_length: None

Logged Messages:
    
Identified Seq File Pairs:
    Forward Reads: A:/Nat/EFE data/ssSeq data/NWG-V-075_A\A_S179_L001_R1_001.fastq.gz
    Reverse Reads: A:/Nat/EFE data/ssSeq data/NWG-V-075_A\A_S179_L001_R2_001.fastq.gz
    
Unmatched Files in Folder:
    
	 A:/Nat/EFE data/ssSeq data/NWG-V-075_A\A_S179_L001_I1_001.fastq.gz
	 A:/Nat/EFE data/ssSeq data/NWG-V-075_A\A_S179_L001_R1_001.fastq

20201119-133611
----------------------------------------------------------------------------
Required Arguments:
    refseq: A:/Nat/EFE data/ssSeq data/NWG-V-075_A/DefaultRefSeqs_deSeq.csv
    folder: A:/Nat/EFE data/ssSeq data/NWG-V-075_A
    
Input/Output Arguments:
    fastq_r: 
    output: A:/Nat/EFE data/ssSeq data/NWG-V-075_A\deSeq_Output\20201119-133611
    detailed_refseq: False
    analysis_only: False
    stop_after_fastq: False
    return_alignments: False
    
Read Analysis:
    average_q_cutoff: 25
    bp_q_cutoff: 30
    length_cutoff: 0.9

Position Identification:
    variable_thresh: 0.2
    variable_count: 10
    
Advanced:
    jobs: 11
    read_length: None

Logged Messages:
    
Identified Seq File Pairs:
    Forward Reads: A:/Nat/EFE data/ssSeq data/NWG-V-075_A\A_S179_L001_R1_001.fastq.gz
    Reverse Reads: A:/Nat/EFE data/ssSeq data/NWG-V-075_A\A_S179_L001_R2_001.fastq.gz
    
Unmatched Files in Folder:
    
	 A:/Nat/EFE data/ssSeq data/NWG-V-075_A\A_S179_L001_I1_001.fastq.gz
	 A:/Nat/EFE data/ssSeq data/NWG-V-075_A\A_S179_L001_R1_001.fastq

20201119-134007
----------------------------------------------------------------------------
Required Arguments:
    refseq: A:\Nat\EFE data\ssSeq data\NWG-V-075_A\DefaultRefSeqs_deSeq.csv
    folder: A:\Nat\EFE data\ssSeq data\NWG-V-075_A
    
Input/Output Arguments:
    fastq_r: 
    output: A:\Nat\EFE data\ssSeq data\NWG-V-075_A\deSeq_Output\20201119-134007
    detailed_refseq: False
    analysis_only: False
    stop_after_fastq: False
    return_alignments: False
    
Read Analysis:
    average_q_cutoff: 25
    bp_q_cutoff: 30
    length_cutoff: 0.9

Position Identification:
    variable_thresh: 0.2
    variable_count: 10
    
Advanced:
    jobs: 11
    read_length: None

Logged Messages:
    
Identified Seq File Pairs:
    Forward Reads: A:\Nat\EFE data\ssSeq data\NWG-V-075_A\A_S179_L001_R1_001.fastq.gz
    Reverse Reads: A:\Nat\EFE data\ssSeq data\NWG-V-075_A\A_S179_L001_R2_001.fastq.gz
    
Unmatched Files in Folder:
    
	 A:\Nat\EFE data\ssSeq data\NWG-V-075_A\A_S179_L001_I1_001.fastq.gz
	 A:\Nat\EFE data\ssSeq data\NWG-V-075_A\A_S179_L001_R1_001.fastq

20201119-134656
----------------------------------------------------------------------------
Required Arguments:
    refseq: C:\Users\kejoh\OneDrive - California Institute of Technology\ArnoldLab\Projects\NextGenSequencing\data\NWG-V-075_A\DefaultRefSeqs_deSeq.csv
    folder: A:\Nat\EFE data\ssSeq data\NWG-V-075_A
    
Input/Output Arguments:
    fastq_r: 
    output: A:\Nat\EFE data\ssSeq data\NWG-V-075_A\deSeq_Output\20201119-134656
    detailed_refseq: False
    analysis_only: False
    stop_after_fastq: False
    return_alignments: False
    
Read Analysis:
    average_q_cutoff: 25
    bp_q_cutoff: 30
    length_cutoff: 0.9

Position Identification:
    variable_thresh: 0.2
    variable_count: 10
    
Advanced:
    jobs: 11
    read_length: None

Logged Messages:
    
Identified Seq File Pairs:
    Forward Reads: A:\Nat\EFE data\ssSeq data\NWG-V-075_A\A_S179_L001_R1_001.fastq.gz
    Reverse Reads: A:\Nat\EFE data\ssSeq data\NWG-V-075_A\A_S179_L001_R2_001.fastq.gz
    
Unmatched Files in Folder:
    
	 A:\Nat\EFE data\ssSeq data\NWG-V-075_A\A_S179_L001_I1_001.fastq.gz
	 A:\Nat\EFE data\ssSeq data\NWG-V-075_A\A_S179_L001_R1_001.fastq

20201120-125702
----------------------------------------------------------------------------
Required Arguments:
    refseq: DefaultRefSeqs.csv
    folder: .
    
Input/Output Arguments:
    fastq_r: 
    output: C:\Users\kejoh\GitHub\ssSeq\InstallationConfirmationData\deSeq_Output\20201120-125702
    detailed_refseq: False
    analysis_only: False
    stop_after_fastq: False
    return_alignments: False
    
Read Analysis:
    average_q_cutoff: 25
    bp_q_cutoff: 30
    length_cutoff: 0.9

Position Identification:
    variable_thresh: 0.2
    variable_count: 10
    
Advanced:
    jobs: 11
    read_length: None

Logged Messages:
    
Identified Seq File Pairs:
    Forward Reads: .\CHL1_S193_L001_R1_001.fastq.gz
    Reverse Reads: .\CHL1_S193_L001_R2_001.fastq.gz
    
Unmatched Files in Folder:
    
	 .\CHL1_S193_L001_R1_001.fastq

A read length of 150 was calculated for this run

20201120-130351
----------------------------------------------------------------------------
Required Arguments:
    refseq: DefaultRefSeqs_deSeq.csv
    folder: .
    
Input/Output Arguments:
    fastq_r: 
    output: A:\Nat\EFE data\ssSeq data\NWG-V-075_A\deSeq_Output\20201120-130351
    detailed_refseq: False
    analysis_only: False
    stop_after_fastq: False
    return_alignments: False
    
Read Analysis:
    average_q_cutoff: 25
    bp_q_cutoff: 30
    length_cutoff: 0.9

Position Identification:
    variable_thresh: 0.2
    variable_count: 10
    
Advanced:
    jobs: 11
    read_length: None

Logged Messages:
    
Identified Seq File Pairs:
    Forward Reads: .\A_S179_L001_R1_001.fastq.gz
    Reverse Reads: .\A_S179_L001_R2_001.fastq.gz
    
Unmatched Files in Folder:
    
	 .\A_S179_L001_I1_001.fastq.gz
	 .\A_S179_L001_R1_001.fastq

20201120-131920
----------------------------------------------------------------------------
Required Arguments:
    refseq: A:\Nat\EFE data\ssSeq data\NWG-V-075_A\DefaultRefSeqs_deSeq.csv
    folder: A:\Nat\EFE data\ssSeq data\NWG-V-075_A
    
Input/Output Arguments:
    fastq_r: 
    output: C:\Users\kejoh\GitHub\ssSeq\deSeq_Output\20201120-131920
    detailed_refseq: False
    analysis_only: False
    stop_after_fastq: False
    return_alignments: False
    
Read Analysis:
    average_q_cutoff: 25
    bp_q_cutoff: 30
    length_cutoff: 0.9

Position Identification:
    variable_thresh: 0.2
    variable_count: 10
    
Advanced:
    jobs: 11
    read_length: None

Logged Messages:
    
Identified Seq File Pairs:
    Forward Reads: A:\Nat\EFE data\ssSeq data\NWG-V-075_A\A_S179_L001_R1_001.fastq.gz
    Reverse Reads: A:\Nat\EFE data\ssSeq data\NWG-V-075_A\A_S179_L001_R2_001.fastq.gz
    
Unmatched Files in Folder:
    
	 A:\Nat\EFE data\ssSeq data\NWG-V-075_A\A_S179_L001_I1_001.fastq.gz
	 A:\Nat\EFE data\ssSeq data\NWG-V-075_A\A_S179_L001_R1_001.fastq

20201120-133823
----------------------------------------------------------------------------
Required Arguments:
    refseq: DefaultRefSeqs_deSeq.csv
    folder: .
    
Input/Output Arguments:
    fastq_r: 
    output: C:\Users\kejoh\OneDrive - California Institute of Technology\ArnoldLab\Projects\NextGenSequencing\data\NWG_V_075_A\deSeq_Output\20201120-133823
    detailed_refseq: False
    analysis_only: False
    stop_after_fastq: False
    return_alignments: False
    
Read Analysis:
    average_q_cutoff: 25
    bp_q_cutoff: 30
    length_cutoff: 0.9

Position Identification:
    variable_thresh: 0.2
    variable_count: 10
    
Advanced:
    jobs: 11
    read_length: None

Logged Messages:
    
Identified Seq File Pairs:
    Forward Reads: .\A_S179_L001_R1_001.fastq.gz
    Reverse Reads: .\A_S179_L001_R2_001.fastq.gz
    
Unmatched Files in Folder:
    
	 .\A_S179_L001_I1_001.fastq.gz
	 .\A_S179_L001_R1_001.fastq

A read length of 151 was calculated for this run

Run completed. Log may contain warnings.

20201120-134719
----------------------------------------------------------------------------
Required Arguments:
    refseq: DefaultRefSeqs_deSeq.csv
    folder: .
    
Input/Output Arguments:
    fastq_r: 
    output: C:\Users\kejoh\OneDrive - California Institute of Technology\ArnoldLab\Projects\NextGenSequencing\data\NWG_V_075_A\deSeq_Output\20201120-134719
    detailed_refseq: False
    analysis_only: False
    stop_after_fastq: False
    return_alignments: False
    
Read Analysis:
    average_q_cutoff: 25
    bp_q_cutoff: 30
    length_cutoff: 0.9

Position Identification:
    variable_thresh: 0.2
    variable_count: 10
    
Advanced:
    jobs: 11
    read_length: None

Logged Messages:
    
Identified Seq File Pairs:
    Forward Reads: .\A_S179_L001_R1_001.fastq.gz
    Reverse Reads: .\A_S179_L001_R2_001.fastq.gz
    
Unmatched Files in Folder:
    
	 .\A_S179_L001_I1_001.fastq.gz
	 .\A_S179_L001_R1_001.fastq

A read length of 151 was calculated for this run

Run completed. Log may contain warnings.

20201120-140842
----------------------------------------------------------------------------
Required Arguments:
    refseq: DefaultRefSeqs_deSeq_dropNNN.csv
    folder: .
    
Input/Output Arguments:
    fastq_r: 
    output: C:\Users\kejoh\OneDrive - California Institute of Technology\ArnoldLab\Projects\NextGenSequencing\data\NWG_V_075_A\deSeq_Output\20201120-140842
    detailed_refseq: False
    analysis_only: False
    stop_after_fastq: False
    return_alignments: False
    
Read Analysis:
    average_q_cutoff: 25
    bp_q_cutoff: 30
    length_cutoff: 0.9

Position Identification:
    variable_thresh: 0.2
    variable_count: 10
    
Advanced:
    jobs: 11
    read_length: None

Logged Messages:
    

Error Encountered: The file or folder does not exist: DefaultRefSeqs_deSeq_dropNNN.csv

20201120-140927
----------------------------------------------------------------------------
Required Arguments:
    refseq: DefaultRefSeqs_deSeq_dropNNN.csv
    folder: .
    
Input/Output Arguments:
    fastq_r: 
    output: C:\Users\kejoh\OneDrive - California Institute of Technology\ArnoldLab\Projects\NextGenSequencing\data\NWG_V_075_A\deSeq_Output\20201120-140927
    detailed_refseq: False
    analysis_only: False
    stop_after_fastq: False
    return_alignments: False
    
Read Analysis:
    average_q_cutoff: 25
    bp_q_cutoff: 30
    length_cutoff: 0.9

Position Identification:
    variable_thresh: 0.2
    variable_count: 10
    
Advanced:
    jobs: 11
    read_length: None

Logged Messages:
    
Identified Seq File Pairs:
    Forward Reads: .\A_S179_L001_R1_001.fastq.gz
    Reverse Reads: .\A_S179_L001_R2_001.fastq.gz
    
Unmatched Files in Folder:
    
	 .\A_S179_L001_I1_001.fastq.gz
	 .\A_S179_L001_R1_001.fastq

A read length of 151 was calculated for this run

Run completed. Log may contain warnings.

20201120-141522
----------------------------------------------------------------------------
Required Arguments:
    refseq: DefaultRefSeqs_deSeq_dropNNN.csv
    folder: .
    
Input/Output Arguments:
    fastq_r: 
    output: C:\Users\kejoh\OneDrive - California Institute of Technology\ArnoldLab\Projects\NextGenSequencing\data\NWG_V_075_A\deSeq_Output\20201120-141522
    detailed_refseq: False
    analysis_only: False
    stop_after_fastq: False
    return_alignments: False
    
Read Analysis:
    average_q_cutoff: 25
    bp_q_cutoff: 30
    length_cutoff: 0.9

Position Identification:
    variable_thresh: 0.2
    variable_count: 10
    
Advanced:
    jobs: 11
    read_length: None

Logged Messages:
    
Identified Seq File Pairs:
    Forward Reads: .\A_S179_L001_R1_001.fastq.gz
    Reverse Reads: .\A_S179_L001_R2_001.fastq.gz
    
Unmatched Files in Folder:
    
	 .\A_S179_L001_I1_001.fastq.gz
	 .\A_S179_L001_R1_001.fastq

A read length of 151 was calculated for this run

Run completed. Log may contain warnings.

20201207-110638
----------------------------------------------------------------------------
Required Arguments:
    refseq: .
    folder: DefaultRefSeqs_deSeq.csv
    
Input/Output Arguments:
    fastq_r: 
    output: .\deSeq_Output\20201207-110638
    detailed_refseq: False
    analysis_only: False
    stop_after_fastq: False
    return_alignments: False
    
Read Analysis:
    average_q_cutoff: 25
    bp_q_cutoff: 30
    length_cutoff: 0.9

Position Identification:
    variable_thresh: 0.2
    variable_count: 10
    
Advanced:
    jobs: 11
    read_length: None

Logged Messages:
    

Error Encountered: Specified refseq file is not a file: .

20201207-110702
----------------------------------------------------------------------------
Required Arguments:
    refseq: DefaultRefSeqs_deSeq.csv
    folder: .
    
Input/Output Arguments:
    fastq_r: 
    output: .\deSeq_Output\20201207-110702
    detailed_refseq: False
    analysis_only: False
    stop_after_fastq: False
    return_alignments: False
    
Read Analysis:
    average_q_cutoff: 25
    bp_q_cutoff: 30
    length_cutoff: 0.9

Position Identification:
    variable_thresh: 0.2
    variable_count: 10
    
Advanced:
    jobs: 11
    read_length: None

Logged Messages:
    
Identified Seq File Pairs:
    Forward Reads: .\Tm9D8_S267_L001_R1_001.fastq.gz
    Reverse Reads: .\Tm9D8_S267_L001_R2_001.fastq.gz
    
Unmatched Files in Folder:
    
	 .\Tm9D8_S267_L001_I1_001.fastq.gz

A read length of 151 was calculated for this run

Run completed. Log may contain warnings.

20201207-112201
----------------------------------------------------------------------------
Required Arguments:
    refseq: DefaultRefSeqs_deSeq.csv
    folder: .
    
Input/Output Arguments:
    fastq_r: 
    output: .\deSeq_Output\20201207-112201
    detailed_refseq: False
    analysis_only: False
    stop_after_fastq: False
    return_alignments: False
    
Read Analysis:
    average_q_cutoff: 25
    bp_q_cutoff: 30
    length_cutoff: 0.9

Position Identification:
    variable_thresh: 0.2
    variable_count: 10
    
Advanced:
    jobs: 11
    read_length: None

Logged Messages:
    

Error Encountered: The file or folder does not exist: DefaultRefSeqs_deSeq.csv

20201207-112236
----------------------------------------------------------------------------
Required Arguments:
    refseq: DefaultRefSeqs_deSeq.csv
    folder: .
    
Input/Output Arguments:
    fastq_r: 
    output: .\deSeq_Output\20201207-112236
    detailed_refseq: False
    analysis_only: False
    stop_after_fastq: False
    return_alignments: False
    
Read Analysis:
    average_q_cutoff: 25
    bp_q_cutoff: 30
    length_cutoff: 0.9

Position Identification:
    variable_thresh: 0.2
    variable_count: 10
    
Advanced:
    jobs: 11
    read_length: None

Logged Messages:
    
Identified Seq File Pairs:
    Forward Reads: .\Tm9D8_S267_L001_R1_001.fastq.gz
    Reverse Reads: .\Tm9D8_S267_L001_R2_001.fastq.gz
    
Unmatched Files in Folder:
    
	 .\Tm9D8_S267_L001_I1_001.fastq.gz
	 .\Tm9D8_S267_L001_R1_001.fastq

A read length of 151 was calculated for this run

Run completed. Log may contain warnings.

20201207-115429
----------------------------------------------------------------------------
Required Arguments:
    refseq: DefaultRefSeqs_deSeq.csv
    folder: .
    
Input/Output Arguments:
    fastq_r: 
    output: .\deSeq_Output\20201207-115429
    detailed_refseq: False
    analysis_only: False
    stop_after_fastq: False
    return_alignments: False
    
Read Analysis:
    average_q_cutoff: 25
    bp_q_cutoff: 30
    length_cutoff: 0.9

Position Identification:
    variable_thresh: 0.2
    variable_count: 10
    
Advanced:
    jobs: 11
    read_length: None

Logged Messages:
    
Identified Seq File Pairs:
    Forward Reads: .\Tm9D8_S267_L001_R1_001.fastq.gz
    Reverse Reads: .\Tm9D8_S267_L001_R2_001.fastq.gz
    
Unmatched Files in Folder:
    
	 .\Tm9D8_S267_L001_I1_001.fastq.gz
	 .\Tm9D8_S267_L001_R1_001.fastq

A read length of 151 was calculated for this run

Warning: High mutational frequency in DI02-F10. You may want to check alignments for accuracy.

Run completed. Log may contain warnings.

20210107-123619
----------------------------------------------------------------------------
Required Arguments:
    refseq: DefaultRefSeqs_deSeq.csv
    folder: .
    
Input/Output Arguments:
    fastq_r: 
    output: .\deSeq_Output\20210107-123619
    detailed_refseq: False
    analysis_only: False
    stop_after_fastq: False
    return_alignments: False
    
Read Analysis:
    average_q_cutoff: 25
    bp_q_cutoff: 30
    length_cutoff: 0.9

Position Identification:
    variable_thresh: 0.2
    variable_count: 10
    
Advanced:
    jobs: 11
    read_length: None

Logged Messages:
    
Identified Seq File Pairs:
    Forward Reads: .\166X_S200_L001_R1_001.fastq.gz
    Reverse Reads: .\166X_S200_L001_R2_001.fastq.gz
    
Unmatched Files in Folder:
    
	 .\166X_S200_L001_I1_001.fastq.gz

A read length of 151 was calculated for this run

Run completed. Log may contain warnings.

20210107-125033
----------------------------------------------------------------------------
Required Arguments:
    refseq: DefaultRefSeqs_deSeq.csv
    folder: .
    
Input/Output Arguments:
    fastq_r: 
    output: .\deSeq_Output\20210107-125033
    detailed_refseq: False
    analysis_only: False
    stop_after_fastq: False
    return_alignments: False
    
Read Analysis:
    average_q_cutoff: 25
    bp_q_cutoff: 30
    length_cutoff: 0.9

Position Identification:
    variable_thresh: 0.2
    variable_count: 10
    
Advanced:
    jobs: 11
    read_length: None

Logged Messages:
    
Identified Seq File Pairs:
    Forward Reads: .\166X_S200_L001_R1_001.fastq.gz
    Reverse Reads: .\166X_S200_L001_R2_001.fastq.gz
    
Unmatched Files in Folder:
    
	 .\166X_S200_L001_I1_001.fastq.gz
	 .\166X_S200_L001_R1_001.fastq

A read length of 151 was calculated for this run

Run completed. Log may contain warnings.

20210208-113123
----------------------------------------------------------------------------
Required Arguments:
    refseq: DefaultRefSeqs_deSeq.csv
    folder: .
    
Input/Output Arguments:
    fastq_r: 
    output: .\deSeq_Output\20210208-113123
    detailed_refseq: False
    analysis_only: False
    stop_after_fastq: False
    return_alignments: False
    
Read Analysis:
    average_q_cutoff: 25
    bp_q_cutoff: 30
    length_cutoff: 0.9

Position Identification:
    variable_thresh: 0.2
    variable_count: 10
    
Advanced:
    jobs: 11
    read_length: None

Logged Messages:
    
Identified Seq File Pairs:
    Forward Reads: .\105X_S290_L001_R1_001.fastq.gz
    Reverse Reads: .\105X_S290_L001_R2_001.fastq.gz
    
Unmatched Files in Folder:
    
	 .\105X_S290_L001_I1_001.fastq.gz

A read length of 151 was calculated for this run

Run completed. Log may contain warnings.

20210208-113359
----------------------------------------------------------------------------
Required Arguments:
    refseq: DefaultRefSeqs_deSeq.csv
    folder: .
    
Input/Output Arguments:
    fastq_r: 
    output: .\deSeq_Output\20210208-113359
    detailed_refseq: False
    analysis_only: False
    stop_after_fastq: False
    return_alignments: False
    
Read Analysis:
    average_q_cutoff: 25
    bp_q_cutoff: 30
    length_cutoff: 0.9

Position Identification:
    variable_thresh: 0.2
    variable_count: 10
    
Advanced:
    jobs: 11
    read_length: None

Logged Messages:
    
Identified Seq File Pairs:
    Forward Reads: .\Tm9D8mix_S289_L001_R1_001.fastq.gz
    Reverse Reads: .\Tm9D8mix_S289_L001_R2_001.fastq.gz
    
Unmatched Files in Folder:
    
	 .\Tm9D8mix_S289_L001_I1_001.fastq.gz

A read length of 151 was calculated for this run

Run completed. Log may contain warnings.

20210208-114841
----------------------------------------------------------------------------
Required Arguments:
    refseq: DefaultRefSeqs_deSeq_oneNNN.csv
    folder: .
    
Input/Output Arguments:
    fastq_r: 
    output: .\deSeq_Output\20210208-114841
    detailed_refseq: False
    analysis_only: False
    stop_after_fastq: False
    return_alignments: False
    
Read Analysis:
    average_q_cutoff: 25
    bp_q_cutoff: 30
    length_cutoff: 0.9

Position Identification:
    variable_thresh: 0.2
    variable_count: 10
    
Advanced:
    jobs: 11
    read_length: None

Logged Messages:
    
Identified Seq File Pairs:
    Forward Reads: .\Tm9D8mix_S289_L001_R1_001.fastq.gz
    Reverse Reads: .\Tm9D8mix_S289_L001_R2_001.fastq.gz
    
Unmatched Files in Folder:
    
	 .\Tm9D8mix_S289_L001_I1_001.fastq.gz
	 .\Tm9D8mix_S289_L001_R1_001.fastq

A read length of 151 was calculated for this run

Run completed. Log may contain warnings.

20210220-211723
----------------------------------------------------------------------------
Required Arguments:
    refseq: DefaultRefSeqs_deSeq_oneNNN.csv
    folder: .
    
Input/Output Arguments:
    fastq_r: 
    output: .\deSeq_Output\20210220-211723
    detailed_refseq: False
    analysis_only: False
    stop_after_fastq: False
    return_alignments: False
    
Read Analysis:
    average_q_cutoff: 25
    bp_q_cutoff: 30
    length_cutoff: 0.9

Position Identification:
    variable_thresh: 0.2
    variable_count: 10
    
Advanced:
    jobs: 11
    read_length: None

Logged Messages:
    
Identified Seq File Pairs:
    Forward Reads: .\Tm9D8mix_S289_L001_R1_001.fastq.gz
    Reverse Reads: .\Tm9D8mix_S289_L001_R2_001.fastq.gz
    
Unmatched Files in Folder:
    
	 .\Tm9D8mix_S289_L001_I1_001.fastq.gz
	 .\Tm9D8mix_S289_L001_R1_001.fastq

A read length of 151 was calculated for this run

Run completed. Log may contain warnings.

20210223-115336
----------------------------------------------------------------------------
Required Arguments:
    refseq: DefaultRefSeqs_deSeq.csv
    folder: .
    
Input/Output Arguments:
    fastq_r: 
    output: .\deSeq_Output\20210223-115336
    detailed_refseq: False
    analysis_only: False
    stop_after_fastq: False
    return_alignments: False
    
Read Analysis:
    average_q_cutoff: 25
    bp_q_cutoff: 30
    length_cutoff: 0.9

Position Identification:
    variable_thresh: 0.2
    variable_count: 10
    
Advanced:
    jobs: 11
    read_length: None

Logged Messages:
    
Identified Seq File Pairs:
    Forward Reads: .\228X_S289_L001_R1_001.fastq.gz
    Reverse Reads: .\228X_S289_L001_R2_001.fastq.gz
    
Unmatched Files in Folder:
    
	 .\228X_S289_L001_I1_001.fastq.gz

A read length of 151 was calculated for this run

20210223-115405
----------------------------------------------------------------------------
Required Arguments:
    refseq: DefaultRefSeqs_deSeq.csv
    folder: .
    
Input/Output Arguments:
    fastq_r: 
    output: .\deSeq_Output\20210223-115405
    detailed_refseq: False
    analysis_only: False
    stop_after_fastq: False
    return_alignments: False
    
Read Analysis:
    average_q_cutoff: 25
    bp_q_cutoff: 30
    length_cutoff: 0.9

Position Identification:
    variable_thresh: 0.2
    variable_count: 10
    
Advanced:
    jobs: 11
    read_length: None

Logged Messages:
    
Identified Seq File Pairs:
    Forward Reads: .\228X_S289_L001_R1_001.fastq.gz
    Reverse Reads: .\228X_S289_L001_R2_001.fastq.gz
    
Unmatched Files in Folder:
    
	 .\228X_S289_L001_I1_001.fastq.gz
	 .\228X_S289_L001_R1_001.fastq

A read length of 151 was calculated for this run

Run completed. Log may contain warnings.

20210223-115756
----------------------------------------------------------------------------
Required Arguments:
    refseq: DefaultRefSeqs_deSeq.csv
    folder: .
    
Input/Output Arguments:
    fastq_r: 
    output: .\deSeq_Output\20210223-115756
    detailed_refseq: False
    analysis_only: False
    stop_after_fastq: False
    return_alignments: False
    
Read Analysis:
    average_q_cutoff: 25
    bp_q_cutoff: 30
    length_cutoff: 0.9

Position Identification:
    variable_thresh: 0.2
    variable_count: 10
    
Advanced:
    jobs: 11
    read_length: None

Logged Messages:
    
Identified Seq File Pairs:
    Forward Reads: .\228X_S289_L001_R1_001.fastq.gz
    Reverse Reads: .\228X_S289_L001_R2_001.fastq.gz
    
Unmatched Files in Folder:
    
	 .\228X_S289_L001_I1_001.fastq.gz
	 .\228X_S289_L001_R1_001.fastq

A read length of 151 was calculated for this run

Run completed. Log may contain warnings.

20210223-120659
----------------------------------------------------------------------------
Required Arguments:
    refseq: DefaultRefSeqs_deSeq.csv
    folder: .
    
Input/Output Arguments:
    fastq_r: 
    output: .\deSeq_Output\20210223-120659
    detailed_refseq: False
    analysis_only: False
    stop_after_fastq: False
    return_alignments: True
    
Read Analysis:
    average_q_cutoff: 25
    bp_q_cutoff: 30
    length_cutoff: 0.9

Position Identification:
    variable_thresh: 0.2
    variable_count: 10
    
Advanced:
    jobs: 11
    read_length: None

Logged Messages:
    
Identified Seq File Pairs:
    Forward Reads: .\228X_S289_L001_R1_001.fastq.gz
    Reverse Reads: .\228X_S289_L001_R2_001.fastq.gz
    
Unmatched Files in Folder:
    
	 .\228X_S289_L001_I1_001.fastq.gz
	 .\228X_S289_L001_R1_001.fastq

A read length of 151 was calculated for this run

Run completed. Log may contain warnings.

20210308-105800
----------------------------------------------------------------------------
Required Arguments:
    refseq: DefaultRefSeqs_deSeq_oneNNN.csv
    folder: .
    
Input/Output Arguments:
    fastq_r: 
    output: .\deSeq_Output\20210308-105800
    detailed_refseq: False
    analysis_only: False
    stop_after_fastq: False
    return_alignments: False
    
Read Analysis:
    average_q_cutoff: 25
    bp_q_cutoff: 30
    length_cutoff: 0.9

Position Identification:
    variable_thresh: 0.2
    variable_count: 10
    
Advanced:
    jobs: 11
    read_length: None

Logged Messages:
    
Identified Seq File Pairs:
    Forward Reads: .\Tm9D8_S220_L001_R1_001.fastq.gz
    Reverse Reads: .\Tm9D8_S220_L001_R2_001.fastq.gz
    
Unmatched Files in Folder:
    
	 .\Tm9D8_S220_L001_I1_001.fastq.gz

A read length of 151 was calculated for this run

Run completed. Log may contain warnings.

20210308-113254
----------------------------------------------------------------------------
Required Arguments:
    refseq: DefaultRefSeqs_deSeq_oneNNN.csv
    folder: .
    
Input/Output Arguments:
    fastq_r: 
    output: .\deSeq_Output\20210308-113254
    detailed_refseq: False
    analysis_only: False
    stop_after_fastq: False
    return_alignments: False
    
Read Analysis:
    average_q_cutoff: 25
    bp_q_cutoff: 30
    length_cutoff: 0.9

Position Identification:
    variable_thresh: 0.2
    variable_count: 10
    
Advanced:
    jobs: 11
    read_length: None

Logged Messages:
    
Identified Seq File Pairs:
    Forward Reads: .\Tm9D8_S220_L001_R1_001.fastq.gz
    Reverse Reads: .\Tm9D8_S220_L001_R2_001.fastq.gz
    
Unmatched Files in Folder:
    
	 .\Tm9D8_S220_L001_I1_001.fastq.gz
	 .\Tm9D8_S220_L001_R1_001.fastq

A read length of 151 was calculated for this run

Run completed. Log may contain warnings.

20210308-125116
----------------------------------------------------------------------------
Required Arguments:
    refseq: DefaultRefSeqs_deSeq_oneNNN.csv
    folder: .
    
Input/Output Arguments:
    fastq_r: 
    output: .\deSeq_Output\20210308-125116
    detailed_refseq: False
    analysis_only: False
    stop_after_fastq: False
    return_alignments: True
    
Read Analysis:
    average_q_cutoff: 25
    bp_q_cutoff: 30
    length_cutoff: 0.9

Position Identification:
    variable_thresh: 0.2
    variable_count: 10
    
Advanced:
    jobs: 11
    read_length: None

Logged Messages:
    
Identified Seq File Pairs:
    Forward Reads: .\Tm9D8_S220_L001_R1_001.fastq.gz
    Reverse Reads: .\Tm9D8_S220_L001_R2_001.fastq.gz
    
Unmatched Files in Folder:
    
	 .\Tm9D8_S220_L001_I1_001.fastq.gz
	 .\Tm9D8_S220_L001_R1_001.fastq

A read length of 151 was calculated for this run

Run completed. Log may contain warnings.

20210419-115619
----------------------------------------------------------------------------
Required Arguments:
    refseq: DefaultRefSeqs_deSeq_oneNNN.csv
    folder: .
    
Input/Output Arguments:
    fastq_r: 
    output: .\deSeq_Output\20210419-115619
    detailed_refseq: False
    analysis_only: False
    stop_after_fastq: False
    return_alignments: False
    
Read Analysis:
    average_q_cutoff: 25
    bp_q_cutoff: 30
    length_cutoff: 0.9

Position Identification:
    variable_thresh: 0.2
    variable_count: 10
    
Advanced:
    jobs: 11
    read_length: None

Logged Messages:
    
Identified Seq File Pairs:
    Forward Reads: .\Tm9D8_S289_L001_R1_001.fastq.gz
    Reverse Reads: .\Tm9D8_S289_L001_R2_001.fastq.gz
    
Unmatched Files in Folder:
    
	 .\Tm9D8_S289_L001_I1_001.fastq.gz

A read length of 151 was calculated for this run

Run completed. Log may contain warnings.

20210419-192248
----------------------------------------------------------------------------
Required Arguments:
    refseq: RefSeqs_deSeq.csv
    folder: .
    
Input/Output Arguments:
    fastq_r: 
    output: .\deSeq_Output\20210419-192248
    detailed_refseq: False
    analysis_only: False
    stop_after_fastq: False
    return_alignments: False
    
Read Analysis:
    average_q_cutoff: 25
    bp_q_cutoff: 30
    length_cutoff: 0.9

Position Identification:
    variable_thresh: 0.2
    variable_count: 10
    
Advanced:
    jobs: 11
    read_length: None

Logged Messages:
    
Identified Seq File Pairs:
    Forward Reads: .\A_S290_L001_R1_001.fastq
    Reverse Reads: .\A_S290_L001_R2_001.fastq.gz
    
Unmatched Files in Folder:
    
	 .\A_S290_L001_I1_001.fastq

20210419-192355
----------------------------------------------------------------------------
Required Arguments:
    refseq: RefSeqs_deSeq.csv
    folder: .
    
Input/Output Arguments:
    fastq_r: 
    output: .\deSeq_Output\20210419-192355
    detailed_refseq: False
    analysis_only: False
    stop_after_fastq: False
    return_alignments: False
    
Read Analysis:
    average_q_cutoff: 25
    bp_q_cutoff: 30
    length_cutoff: 0.9

Position Identification:
    variable_thresh: 0.2
    variable_count: 10
    
Advanced:
    jobs: 11
    read_length: None

Logged Messages:
    
Identified Seq File Pairs:
    Forward Reads: .\A_S290_L001_R1_001.fastq
    Reverse Reads: .\A_S290_L001_R2_001.fastq.gz
    
Unmatched Files in Folder:
    
	 .\A_S290_L001_I1_001.fastq

A read length of 151 was calculated for this run

Run completed. Log may contain warnings.

20210421-112639
----------------------------------------------------------------------------
Required Arguments:
    refseq: DefaultRefSeqs_deSeq_oneNNN.csv
    folder: .
    
Input/Output Arguments:
    fastq_r: 
    output: .\deSeq_Output\20210421-112639
    detailed_refseq: False
    analysis_only: False
    stop_after_fastq: False
    return_alignments: False
    
Read Analysis:
    average_q_cutoff: 25
    bp_q_cutoff: 30
    length_cutoff: 0.9

Position Identification:
    variable_thresh: 0.2
    variable_count: 10
    
Advanced:
    jobs: 11
    read_length: None

Logged Messages:
    
Identified Seq File Pairs:
    Forward Reads: .\Tm9D8_S289_L001_R1_001.fastq.gz
    Reverse Reads: .\Tm9D8_S289_L001_R2_001.fastq.gz
    
Unmatched Files in Folder:
    
	 .\Tm9D8_S289_L001_I1_001.fastq.gz
	 .\Tm9D8_S289_L001_R1_001.fastq

A read length of 151 was calculated for this run

Run completed. Log may contain warnings.

20210421-113155
----------------------------------------------------------------------------
Required Arguments:
    refseq: DefaultRefSeqs_deSeq_oneNNN.csv
    folder: .
    
Input/Output Arguments:
    fastq_r: 
    output: .\deSeq_Output\20210421-113155
    detailed_refseq: False
    analysis_only: False
    stop_after_fastq: False
    return_alignments: False
    
Read Analysis:
    average_q_cutoff: 25
    bp_q_cutoff: 30
    length_cutoff: 0.9

Position Identification:
    variable_thresh: 0.2
    variable_count: 10
    
Advanced:
    jobs: 11
    read_length: None

Logged Messages:
    
Identified Seq File Pairs:
    Forward Reads: .\Tm9D8_S289_L001_R1_001.fastq.gz
    Reverse Reads: .\Tm9D8_S289_L001_R2_001.fastq.gz
    
Unmatched Files in Folder:
    
	 .\Tm9D8_S289_L001_I1_001.fastq.gz
	 .\Tm9D8_S289_L001_R1_001.fastq

A read length of 151 was calculated for this run

Run completed. Log may contain warnings.

20210428-162912
----------------------------------------------------------------------------
Required Arguments:
    refseq: DefaultRefSeqs_deSeq_oneNNN.csv
    folder: .
    
Input/Output Arguments:
    fastq_r: 
    output: .\deSeq_Output\20210428-162912
    detailed_refseq: False
    analysis_only: False
    stop_after_fastq: False
    return_alignments: False
    
Read Analysis:
    average_q_cutoff: 25
    bp_q_cutoff: 30
    length_cutoff: 0.9

Position Identification:
    variable_thresh: 0.2
    variable_count: 10
    
Advanced:
    jobs: 11
    read_length: None

Logged Messages:
    
Identified Seq File Pairs:
    Forward Reads: .\Tm9D8_S289_L001_R1_001.fastq.gz
    Reverse Reads: .\Tm9D8_S289_L001_R2_001.fastq.gz
    
Unmatched Files in Folder:
    
	 .\Tm9D8_S289_L001_I1_001.fastq.gz
	 .\Tm9D8_S289_L001_R1_001.fastq

A read length of 151 was calculated for this run

Run completed. Log may contain warnings.

20210429-170641
----------------------------------------------------------------------------
Required Arguments:
    refseq: DefaultRefSeqs_deSeq_oneNNN.csv
    folder: .
    
Input/Output Arguments:
    fastq_r: 
    output: .\deSeq_Output\20210429-170641
    detailed_refseq: False
    analysis_only: False
    stop_after_fastq: False
    return_alignments: False
    
Read Analysis:
    average_q_cutoff: 25
    bp_q_cutoff: 30
    length_cutoff: 0.9

Position Identification:
    variable_thresh: 0.2
    variable_count: 10
    
Advanced:
    jobs: 11
    read_length: None

Logged Messages:
    
Identified Seq File Pairs:
    Forward Reads: .\Tm9D8_S289_L001_R1_001.fastq.gz
    Reverse Reads: .\Tm9D8_S289_L001_R2_001.fastq.gz
    
Unmatched Files in Folder:
    
	 .\Tm9D8_S289_L001_I1_001.fastq.gz
	 .\Tm9D8_S289_L001_R1_001.fastq

A read length of 151 was calculated for this run

Run completed. Log may contain warnings.

20210504-152935
----------------------------------------------------------------------------
Required Arguments:
    refseq: DefaultRefSeqs_deSeq_oneNNN.csv
    folder: .
    
Input/Output Arguments:
    fastq_r: 
    output: .\deSeq_Output\20210504-152935
    detailed_refseq: False
    analysis_only: False
    stop_after_fastq: False
    return_alignments: False
    
Read Analysis:
    average_q_cutoff: 25
    bp_q_cutoff: 30
    length_cutoff: 0.9

Position Identification:
    variable_thresh: 0.2
    variable_count: 10
    
Advanced:
    jobs: 11
    read_length: None

Logged Messages:
    
Identified Seq File Pairs:
    Forward Reads: .\Tm9D8_S289_L001_R1_001.fastq.gz
    Reverse Reads: .\Tm9D8_S289_L001_R2_001.fastq.gz
    
Unmatched Files in Folder:
    
	 .\Tm9D8_S289_L001_I1_001.fastq.gz
	 .\Tm9D8_S289_L001_R1_001.fastq

A read length of 151 was calculated for this run

Run completed. Log may contain warnings.

20210506-131638
----------------------------------------------------------------------------
Required Arguments:
    refseq: DefaultRefSeqs_deSeq_oneNNN.csv
    folder: .
    
Input/Output Arguments:
    fastq_r: 
    output: .\deSeq_Output\20210506-131638
    detailed_refseq: False
    analysis_only: False
    stop_after_fastq: False
    return_alignments: False
    
Read Analysis:
    average_q_cutoff: 25
    bp_q_cutoff: 30
    length_cutoff: 0.9

Position Identification:
    variable_thresh: 0.2
    variable_count: 10
    
Advanced:
    jobs: 11
    read_length: None

Logged Messages:
    
Identified Seq File Pairs:
    Forward Reads: .\Tm9D8_S289_L001_R1_001.fastq.gz
    Reverse Reads: .\Tm9D8_S289_L001_R2_001.fastq.gz
    
Unmatched Files in Folder:
    
	 .\Tm9D8_S289_L001_I1_001.fastq.gz
	 .\Tm9D8_S289_L001_R1_001.fastq

A read length of 151 was calculated for this run

Run completed. Log may contain warnings.